<?xml version="1.0" encoding="UTF-8"?>
<!-- Generated by org.testng.reporters.JUnitReportReporter -->
<testsuite hostname="DESKTOP-CTNIRRU" failures="0" tests="8" name="testLearn.TestClass" time="0.026" errors="0" timestamp="2024-01-13T08:15:27 IST" skipped="1">
  <testcase classname="testLearn.TestClass" name="hellotest3" time="0.019"/>
  <system-out/>
  <testcase classname="testLearn.TestClass" name="hellotest2" time="0.002"/>
  <system-out/>
  <testcase classname="testLearn.TestClass" name="hellotest1" time="0.001"/>
  <system-out/>
  <testcase classname="testLearn.TestClass" name="hellotest1" time="0.001"/>
  <system-out/>
  <testcase classname="testLearn.TestClass" name="hellotest1" time="0.001"/>
  <system-out/>
  <testcase classname="testLearn.TestClass" name="hellotest1" time="0.000"/>
  <system-out/>
  <testcase classname="testLearn.TestClass" name="hellotest1" time="0.002"/>
  <system-out/>
  <testcase classname="testLearn.TestClass" name="hellotest">
    <skipped/>
  </testcase> <!-- hellotest -->
  <system-out/>
</testsuite> <!-- testLearn.TestClass -->
